  kalkolator.cpp
C:\Users\Mikhail\source\repos\kalkolator\kalkolator\kalkolator.cpp(23,8): error C2086: int choise: переопределение
      C:\Users\Mikhail\source\repos\kalkolator\kalkolator\kalkolator.cpp(18,7):
       см. объявление "choise"
  
C:\Users\Mikhail\source\repos\kalkolator\kalkolator\kalkolator.cpp(24,11): error C2086: double result: переопределение
      C:\Users\Mikhail\source\repos\kalkolator\kalkolator\kalkolator.cpp(19,10):
       см. объявление "result"
  
C:\Users\Mikhail\source\repos\kalkolator\kalkolator\kalkolator.cpp(28,8): error C2086: int choise: переопределение
      C:\Users\Mikhail\source\repos\kalkolator\kalkolator\kalkolator.cpp(18,7):
       см. объявление "choise"
  
C:\Users\Mikhail\source\repos\kalkolator\kalkolator\kalkolator.cpp(29,10): error C2086: double result: переопределение
      C:\Users\Mikhail\source\repos\kalkolator\kalkolator\kalkolator.cpp(19,10):
       см. объявление "result"
  
C:\Users\Mikhail\source\repos\kalkolator\kalkolator\kalkolator.cpp(33,8): error C2086: int choise: переопределение
      C:\Users\Mikhail\source\repos\kalkolator\kalkolator\kalkolator.cpp(18,7):
       см. объявление "choise"
  
C:\Users\Mikhail\source\repos\kalkolator\kalkolator\kalkolator.cpp(34,11): error C2086: double result: переопределение
      C:\Users\Mikhail\source\repos\kalkolator\kalkolator\kalkolator.cpp(19,10):
       см. объявление "result"
  
C:\Users\Mikhail\source\repos\kalkolator\kalkolator\kalkolator.cpp(38,8): error C2086: int choise: переопределение
      C:\Users\Mikhail\source\repos\kalkolator\kalkolator\kalkolator.cpp(18,7):
       см. объявление "choise"
  
C:\Users\Mikhail\source\repos\kalkolator\kalkolator\kalkolator.cpp(39,11): error C2086: double result: переопределение
      C:\Users\Mikhail\source\repos\kalkolator\kalkolator\kalkolator.cpp(19,10):
       см. объявление "result"
  
